Arguments: 
  /Users/simo/.nvm/versions/node/v10.16.0/bin/node /usr/local/bin/yarn add @types/node

PATH: 
  /Users/simo/.nvm/versions/node/v10.16.0/bin:/usr/local/bin:/usr/bin:/bin:/usr/sbin:/sbin:/usr/local/mongodb/bin:/usr/local/share/dotnet:~/.dotnet/tools:/Library/Apple/usr/bin:/Library/Frameworks/Mono.framework/Versions/Current/Commands:/Users/simo/.nvm/versions/node/v10.16.0/bin

Yarn version: 
  1.5.1

Node version: 
  10.16.0

Platform: 
  darwin x64

npm manifest: 
  {
    "name": "${name}",
    "version": "1.0.0",
    "description": "",
    "main": "index.js",
    "keywords": [],
    "author": "",
    "license": "ISC",
    "dependencies": {
      "express": "^4.17.1",
      "joi": "^17.2.0"
    },
    "devDependencies": {
      "@types/express": "^4.17.7",
      "@types/joi": "^14.3.4",
      "typescript": "^3.9.7"
    }
  }

yarn manifest: 
  No manifest

Lockfile: 
  No lockfile

Trace: 
  Error: package.json: Name contains illegal characters
      at new MessageError (/usr/local/lib/node_modules/yarn/lib/cli.js:186:110)
      at module.exports.exports.default (/usr/local/lib/node_modules/yarn/lib/cli.js:37549:13)
      at /usr/local/lib/node_modules/yarn/lib/cli.js:52434:51
      at Generator.next (<anonymous>)
      at step (/usr/local/lib/node_modules/yarn/lib/cli.js:98:30)
      at /usr/local/lib/node_modules/yarn/lib/cli.js:109:13
